<?xml version="1.0" encoding="UTF-8"?>
<robot generator="Robot 6.1.1 (Python 3.10.8 on win32)" generated="20230918 15:24:17.844" rpa="false" schemaversion="4">
<suite id="s1" name="FarmManagement" source="C:\Users\ASUS\Documents\GitHub\Automated\Automated\FarmGherkin\Test\FarmManagement.robot">
<test id="s1-t1" name="Login with Valid Credential" line="8">
<kw name="Given User Start Browser" library="login">
<arg>${url}</arg>
<arg>${browser}</arg>
<kw name="Begin Web Test" library="login">
<arg>${url}</arg>
<arg>${browser}</arg>
<kw name="Open Browser" library="Selenium2Library">
<arg>${url}</arg>
<arg>${browser}</arg>
<doc>Opens a new browser instance to the optional ``url``.</doc>
<msg timestamp="20230918 15:24:20.213" level="INFO">Opening browser 'Chrome' to base url 'https://dev.csa.apps360.id/'.</msg>
<status status="PASS" starttime="20230918 15:24:20.213" endtime="20230918 15:24:33.070"/>
</kw>
<kw name="Maximize Browser Window" library="Selenium2Library">
<doc>Maximizes current browser window.</doc>
<status status="PASS" starttime="20230918 15:24:33.070" endtime="20230918 15:24:33.463"/>
</kw>
<kw name="Title Should Be" library="Selenium2Library">
<arg>Farm Management</arg>
<doc>Verifies that the current page title equals ``title``.</doc>
<msg timestamp="20230918 15:24:33.942" level="INFO" html="true">&lt;/td&gt;&lt;/tr&gt;&lt;tr&gt;&lt;td colspan="3"&gt;&lt;a href="selenium-screenshot-96.png"&gt;&lt;img src="selenium-screenshot-96.png" width="800px"&gt;&lt;/a&gt;</msg>
<msg timestamp="20230918 15:24:33.942" level="FAIL">Title should have been 'Farm Management' but was '503 Service Unavailable'.</msg>
<status status="FAIL" starttime="20230918 15:24:33.463" endtime="20230918 15:24:34.336"/>
</kw>
<status status="FAIL" starttime="20230918 15:24:20.213" endtime="20230918 15:24:34.336"/>
</kw>
<status status="FAIL" starttime="20230918 15:24:20.213" endtime="20230918 15:24:34.336"/>
</kw>
<kw name="When User Fill Login Fields" library="login">
<arg>${email}</arg>
<arg>${password}</arg>
<status status="NOT RUN" starttime="20230918 15:24:34.336" endtime="20230918 15:24:34.336"/>
</kw>
<kw name="Then User Verified Login Success" library="login">
<status status="NOT RUN" starttime="20230918 15:24:34.344" endtime="20230918 15:24:34.344"/>
</kw>
<tag>PositiveLogin</tag>
<status status="FAIL" starttime="20230918 15:24:20.205" endtime="20230918 15:24:34.344">Title should have been 'Farm Management' but was '503 Service Unavailable'.</status>
</test>
<test id="s1-t2" name="Add New Farm" line="14">
<kw name="Given User Enter Page Farm Management" library="FarmManagement">
<kw name="Enter Farm Management Page" library="FarmManagement">
<kw name="Click Element" library="Selenium2Library">
<arg>xpath:/html/body/div[1]/div[2]/nav/ul[2]/li[3]/a/span[1]</arg>
<doc>Click the element identified by ``locator``.</doc>
<msg timestamp="20230918 15:24:34.352" level="INFO">Clicking element 'xpath:/html/body/div[1]/div[2]/nav/ul[2]/li[3]/a/span[1]'.</msg>
<msg timestamp="20230918 15:24:34.944" level="INFO" html="true">&lt;/td&gt;&lt;/tr&gt;&lt;tr&gt;&lt;td colspan="3"&gt;&lt;a href="selenium-screenshot-97.png"&gt;&lt;img src="selenium-screenshot-97.png" width="800px"&gt;&lt;/a&gt;</msg>
<msg timestamp="20230918 15:24:34.944" level="FAIL">Element with locator 'xpath:/html/body/div[1]/div[2]/nav/ul[2]/li[3]/a/span[1]' not found.</msg>
<status status="FAIL" starttime="20230918 15:24:34.344" endtime="20230918 15:24:35.291"/>
</kw>
<kw name="Wait Until Page Contains Element" library="Selenium2Library">
<arg>xpath:/html/body/div[1]/div[2]/div/div/nav/span/h1</arg>
<doc>Waits until the element ``locator`` appears on the current page.</doc>
<status status="NOT RUN" starttime="20230918 15:24:35.291" endtime="20230918 15:24:35.298"/>
</kw>
<status status="FAIL" starttime="20230918 15:24:34.344" endtime="20230918 15:24:35.298"/>
</kw>
<kw name="Click Add Kandang Button" library="FarmManagement">
<status status="NOT RUN" starttime="20230918 15:24:35.298" endtime="20230918 15:24:35.299"/>
</kw>
<kw name="Enter Nama Kandang" library="FarmManagement">
<status status="NOT RUN" starttime="20230918 15:24:35.299" endtime="20230918 15:24:35.299"/>
</kw>
<kw name="Click List Kepala Kandang" library="FarmManagement">
<status status="NOT RUN" starttime="20230918 15:24:35.299" endtime="20230918 15:24:35.299"/>
</kw>
<kw name="Click Status" library="FarmManagement">
<status status="NOT RUN" starttime="20230918 15:24:35.299" endtime="20230918 15:24:35.299"/>
</kw>
<kw name="Enter Kapasitas Kandang" library="FarmManagement">
<status status="NOT RUN" starttime="20230918 15:24:35.299" endtime="20230918 15:24:35.299"/>
</kw>
<kw name="Click Lokasi Kandang" library="FarmManagement">
<status status="NOT RUN" starttime="20230918 15:24:35.299" endtime="20230918 15:24:35.299"/>
</kw>
<kw name="Enter Save Button" library="FarmManagement">
<status status="NOT RUN" starttime="20230918 15:24:35.299" endtime="20230918 15:24:35.299"/>
</kw>
<status status="FAIL" starttime="20230918 15:24:34.344" endtime="20230918 15:24:35.299"/>
</kw>
<tag>PositiveFarm</tag>
<status status="FAIL" starttime="20230918 15:24:34.344" endtime="20230918 15:24:35.299">Element with locator 'xpath:/html/body/div[1]/div[2]/nav/ul[2]/li[3]/a/span[1]' not found.</status>
</test>
<status status="FAIL" starttime="20230918 15:24:17.848" endtime="20230918 15:24:35.299"/>
</suite>
<statistics>
<total>
<stat pass="0" fail="2" skip="0">All Tests</stat>
</total>
<tag>
<stat pass="0" fail="1" skip="0">PositiveFarm</stat>
<stat pass="0" fail="1" skip="0">PositiveLogin</stat>
</tag>
<suite>
<stat pass="0" fail="2" skip="0" id="s1" name="FarmManagement">FarmManagement</stat>
</suite>
</statistics>
<errors>
</errors>
</robot>
