<?xml version="1.0" encoding="UTF-8"?>
<robot generator="Robot 6.1.1 (Python 3.10.8 on win32)" generated="20230914 09:38:34.198" rpa="false" schemaversion="4">
<suite id="s1" name="UserManagement" source="E:\Semester7\PKL\FARM MANAGEMENT\Automated\FarmGherkin\Test\UserManagement.robot">
<test id="s1-t1" name="Login with Valid Credential" line="8">
<kw name="Given User Start Browser" library="login">
<arg>${url}</arg>
<arg>${browser}</arg>
<kw name="Begin Web Test" library="login">
<arg>${url}</arg>
<arg>${browser}</arg>
<kw name="Open Browser" library="Selenium2Library">
<arg>${url}</arg>
<arg>${browser}</arg>
<doc>Opens a new browser instance to the optional ``url``.</doc>
<msg timestamp="20230914 09:38:35.499" level="INFO">Opening browser 'Chrome' to base url 'https://dev.csa.apps360.id/'.</msg>
<status status="PASS" starttime="20230914 09:38:35.499" endtime="20230914 09:38:53.924"/>
</kw>
<kw name="Maximize Browser Window" library="Selenium2Library">
<doc>Maximizes current browser window.</doc>
<status status="PASS" starttime="20230914 09:38:53.932" endtime="20230914 09:38:55.509"/>
</kw>
<kw name="Title Should Be" library="Selenium2Library">
<arg>Farm Management</arg>
<doc>Verifies that the current page title equals ``title``.</doc>
<msg timestamp="20230914 09:38:55.691" level="INFO">Page title is 'Farm Management'.</msg>
<status status="PASS" starttime="20230914 09:38:55.509" endtime="20230914 09:38:55.691"/>
</kw>
<status status="PASS" starttime="20230914 09:38:35.499" endtime="20230914 09:38:55.691"/>
</kw>
<status status="PASS" starttime="20230914 09:38:35.499" endtime="20230914 09:38:55.691"/>
</kw>
<kw name="When User Fill Login Fields" library="login">
<arg>${email}</arg>
<arg>${password}</arg>
<kw name="Input Email" library="login">
<arg>${email}</arg>
<kw name="Input Text" library="Selenium2Library">
<arg>xpath://*[@id="root"]/div[2]/div/div[1]/div/div[2]/div[1]/div/input</arg>
<arg>${email}</arg>
<doc>Types the given ``text`` into the text field identified by ``locator``.</doc>
<msg timestamp="20230914 09:38:55.702" level="INFO">Typing text 'example@example.com' into text field 'xpath://*[@id="root"]/div[2]/div/div[1]/div/div[2]/div[1]/div/input'.</msg>
<status status="PASS" starttime="20230914 09:38:55.702" endtime="20230914 09:38:58.154"/>
</kw>
<status status="PASS" starttime="20230914 09:38:55.691" endtime="20230914 09:38:58.154"/>
</kw>
<kw name="Input Password" library="login">
<arg>${password}</arg>
<kw name="Input Text" library="Selenium2Library">
<arg>xpath://*[@id="root"]/div[2]/div/div[1]/div/div[2]/div[2]/div/input</arg>
<arg>${password}</arg>
<doc>Types the given ``text`` into the text field identified by ``locator``.</doc>
<msg timestamp="20230914 09:38:58.154" level="INFO">Typing text 'Password123' into text field 'xpath://*[@id="root"]/div[2]/div/div[1]/div/div[2]/div[2]/div/input'.</msg>
<status status="PASS" starttime="20230914 09:38:58.154" endtime="20230914 09:38:58.341"/>
</kw>
<status status="PASS" starttime="20230914 09:38:58.154" endtime="20230914 09:38:58.341"/>
</kw>
<kw name="Click Login Button" library="login">
<kw name="Click Button" library="Selenium2Library">
<arg>//*[@id="root"]/div[2]/div/div[1]/div/button</arg>
<doc>Clicks the button identified by ``locator``.</doc>
<msg timestamp="20230914 09:38:58.341" level="INFO">Clicking button '//*[@id="root"]/div[2]/div/div[1]/div/button'.</msg>
<status status="PASS" starttime="20230914 09:38:58.341" endtime="20230914 09:38:58.531"/>
</kw>
<status status="PASS" starttime="20230914 09:38:58.341" endtime="20230914 09:38:58.531"/>
</kw>
<status status="PASS" starttime="20230914 09:38:55.691" endtime="20230914 09:38:58.531"/>
</kw>
<kw name="Then User Verified Login Success" library="login">
<kw name="Verify Login Success" library="login">
<kw name="Sleep" library="BuiltIn">
<arg>4</arg>
<doc>Pauses the test executed for the given time.</doc>
<msg timestamp="20230914 09:39:02.545" level="INFO">Slept 4 seconds</msg>
<status status="PASS" starttime="20230914 09:38:58.531" endtime="20230914 09:39:02.545"/>
</kw>
<kw name="Element Should Contain" library="Selenium2Library">
<arg>xpath://*[@id="root"]/div[2]/div/div/div/div[1]/div[1]/div[1]</arg>
<arg>Dashboard</arg>
<doc>Verifies that element ``locator`` contains text ``expected``.</doc>
<msg timestamp="20230914 09:39:02.598" level="INFO">Element 'xpath://*[@id="root"]/div[2]/div/div/div/div[1]/div[1]/div[1]' contains text 'Dashboard'.</msg>
<status status="PASS" starttime="20230914 09:39:02.545" endtime="20230914 09:39:02.598"/>
</kw>
<status status="PASS" starttime="20230914 09:38:58.531" endtime="20230914 09:39:02.598"/>
</kw>
<status status="PASS" starttime="20230914 09:38:58.531" endtime="20230914 09:39:02.598"/>
</kw>
<tag>PositiveLogin</tag>
<status status="PASS" starttime="20230914 09:38:35.499" endtime="20230914 09:39:02.598"/>
</test>
<test id="s1-t2" name="Search Kepala Kandang" line="20">
<kw name="Given User Search User Name" library="UserManagement">
<kw name="Enter User Management Page" library="UserManagement">
<kw name="Click Element" library="Selenium2Library">
<arg>xpath://*[@id="root"]/div[2]/nav/ul[2]/li[2]/a/span[1]</arg>
<doc>Click the element identified by ``locator``.</doc>
<msg timestamp="20230914 09:39:02.608" level="INFO">Clicking element 'xpath://*[@id="root"]/div[2]/nav/ul[2]/li[2]/a/span[1]'.</msg>
<status status="PASS" starttime="20230914 09:39:02.608" endtime="20230914 09:39:02.747"/>
</kw>
<kw name="Click Element" library="Selenium2Library">
<arg>xpath://*[@id="root"]/div[2]/div/div/nav</arg>
<doc>Click the element identified by ``locator``.</doc>
<msg timestamp="20230914 09:39:02.747" level="INFO">Clicking element 'xpath://*[@id="root"]/div[2]/div/div/nav'.</msg>
<status status="PASS" starttime="20230914 09:39:02.747" endtime="20230914 09:39:02.920"/>
</kw>
<kw name="Wait Until Page Contains Element" library="Selenium2Library">
<arg>xpath:/html/body/div[1]/div[2]/div/div/nav/span/h1</arg>
<doc>Waits until the element ``locator`` appears on the current page.</doc>
<status status="PASS" starttime="20230914 09:39:02.920" endtime="20230914 09:39:02.936"/>
</kw>
<status status="PASS" starttime="20230914 09:39:02.608" endtime="20230914 09:39:02.936"/>
</kw>
<kw name="CLick Search Button" library="UserManagement">
<kw name="Click Element" library="Selenium2Library">
<arg>xpath://*[@id="root"]/div[2]/div/div/nav/div/div[1]/button</arg>
<doc>Click the element identified by ``locator``.</doc>
<msg timestamp="20230914 09:39:02.936" level="INFO">Clicking element 'xpath://*[@id="root"]/div[2]/div/div/nav/div/div[1]/button'.</msg>
<status status="PASS" starttime="20230914 09:39:02.936" endtime="20230914 09:39:03.063"/>
</kw>
<kw name="Input Text" library="Selenium2Library">
<arg>name:search-text</arg>
<arg>Ryrie</arg>
<doc>Types the given ``text`` into the text field identified by ``locator``.</doc>
<msg timestamp="20230914 09:39:03.063" level="INFO">Typing text 'Ryrie' into text field 'name:search-text'.</msg>
<status status="PASS" starttime="20230914 09:39:03.063" endtime="20230914 09:39:03.387"/>
</kw>
<kw name="Sleep" library="BuiltIn">
<arg>5</arg>
<doc>Pauses the test executed for the given time.</doc>
<msg timestamp="20230914 09:39:08.398" level="INFO">Slept 5 seconds</msg>
<status status="PASS" starttime="20230914 09:39:03.387" endtime="20230914 09:39:08.398"/>
</kw>
<status status="PASS" starttime="20230914 09:39:02.936" endtime="20230914 09:39:08.398"/>
</kw>
<kw name="Verify Search Success" library="UserManagement">
<kw name="Element Text Should Be" library="Selenium2Library">
<arg>xpath://*[@id="root"]/div[2]/div/div/table/tbody/tr[1]/td[3]</arg>
<arg>Automated Ryrie</arg>
<doc>Verifies that element ``locator`` contains exact the text ``expected``.</doc>
<msg timestamp="20230914 09:39:08.398" level="INFO">Verifying element 'xpath://*[@id="root"]/div[2]/div/div/table/tbody/tr[1]/td[3]' contains exact text 'Automated Ryrie'.</msg>
<status status="PASS" starttime="20230914 09:39:08.398" endtime="20230914 09:39:08.445"/>
</kw>
<kw name="Sleep" library="BuiltIn">
<arg>5</arg>
<doc>Pauses the test executed for the given time.</doc>
<msg timestamp="20230914 09:39:13.450" level="INFO">Slept 5 seconds</msg>
<status status="PASS" starttime="20230914 09:39:08.445" endtime="20230914 09:39:13.450"/>
</kw>
<status status="PASS" starttime="20230914 09:39:08.398" endtime="20230914 09:39:13.450"/>
</kw>
<status status="PASS" starttime="20230914 09:39:02.608" endtime="20230914 09:39:13.450"/>
</kw>
<tag>KepalaKandang</tag>
<status status="PASS" starttime="20230914 09:39:02.608" endtime="20230914 09:39:13.450"/>
</test>
<status status="PASS" starttime="20230914 09:38:34.214" endtime="20230914 09:39:13.458"/>
</suite>
<statistics>
<total>
<stat pass="2" fail="0" skip="0">All Tests</stat>
</total>
<tag>
<stat pass="1" fail="0" skip="0">KepalaKandang</stat>
<stat pass="1" fail="0" skip="0">PositiveLogin</stat>
</tag>
<suite>
<stat pass="2" fail="0" skip="0" id="s1" name="UserManagement">UserManagement</stat>
</suite>
</statistics>
<errors>
</errors>
</robot>
