<?xml version="1.0" encoding="UTF-8"?>
<robot generator="Robot 6.1.1 (Python 3.10.8 on win32)" generated="20230926 15:22:08.601" rpa="false" schemaversion="4">
<suite id="s1" name="KandangManagement" source="C:\Users\ASUS\Documents\GitHub\Automated\Automated\FarmV2\Test\KandangManagement.robot">
<test id="s1-t1" name="Login with Valid Credential" line="9">
<kw name="Given User Start Browser" library="login">
<arg>${url}</arg>
<arg>${browser}</arg>
<kw name="Begin Web Test" library="login">
<arg>${url}</arg>
<arg>${browser}</arg>
<kw name="Open Browser" library="Selenium2Library">
<arg>${url}</arg>
<arg>${browser}</arg>
<doc>Opens a new browser instance to the optional ``url``.</doc>
<msg timestamp="20230926 15:22:09.188" level="INFO">Opening browser 'Chrome' to base url 'https://dev.csa.v2.apps360.id/'.</msg>
<msg timestamp="20230926 15:22:09.962" level="WARN">The chromedriver version (116.0.5845.96) detected in PATH at C:\Python310\Scripts\chromedriver.exe might not be compatible with the detected chrome version (117.0.5938.92); currently, chromedriver 117.0.5938.92 is recommended for chrome 117.*, so it is advised to delete the driver in PATH and retry</msg>
<status status="PASS" starttime="20230926 15:22:09.188" endtime="20230926 15:22:13.898"/>
</kw>
<kw name="Maximize Browser Window" library="Selenium2Library">
<doc>Maximizes current browser window.</doc>
<status status="PASS" starttime="20230926 15:22:13.898" endtime="20230926 15:22:14.026"/>
</kw>
<kw name="Title Should Be" library="Selenium2Library">
<arg>Farm Management</arg>
<doc>Verifies that the current page title equals ``title``.</doc>
<msg timestamp="20230926 15:22:14.041" level="INFO">Page title is 'Farm Management'.</msg>
<status status="PASS" starttime="20230926 15:22:14.026" endtime="20230926 15:22:14.041"/>
</kw>
<status status="PASS" starttime="20230926 15:22:09.188" endtime="20230926 15:22:14.047"/>
</kw>
<status status="PASS" starttime="20230926 15:22:09.188" endtime="20230926 15:22:14.047"/>
</kw>
<kw name="When User Fill Login Fields" library="login">
<arg>${email}</arg>
<arg>${password}</arg>
<kw name="Input Email" library="login">
<arg>${email}</arg>
<kw name="Input Text" library="Selenium2Library">
<arg>xpath:/html/body/div[1]/div[2]/div/div[1]/div/div[2]/div[1]/div/input</arg>
<arg>${email}</arg>
<doc>Types the given ``text`` into the text field identified by ``locator``.</doc>
<msg timestamp="20230926 15:22:14.049" level="INFO">Typing text 'example@example.com' into text field 'xpath:/html/body/div[1]/div[2]/div/div[1]/div/div[2]/div[1]/div/input'.</msg>
<status status="PASS" starttime="20230926 15:22:14.049" endtime="20230926 15:22:14.271"/>
</kw>
<status status="PASS" starttime="20230926 15:22:14.049" endtime="20230926 15:22:14.271"/>
</kw>
<kw name="Input Password" library="login">
<arg>${password}</arg>
<kw name="Input Text" library="Selenium2Library">
<arg>xpath:/html/body/div[1]/div[2]/div/div[1]/div/div[2]/div[2]/div/input</arg>
<arg>${password}</arg>
<doc>Types the given ``text`` into the text field identified by ``locator``.</doc>
<msg timestamp="20230926 15:22:14.271" level="INFO">Typing text 'Password123' into text field 'xpath:/html/body/div[1]/div[2]/div/div[1]/div/div[2]/div[2]/div/input'.</msg>
<status status="PASS" starttime="20230926 15:22:14.271" endtime="20230926 15:22:14.406"/>
</kw>
<status status="PASS" starttime="20230926 15:22:14.271" endtime="20230926 15:22:14.406"/>
</kw>
<kw name="Click Login Button" library="login">
<kw name="Click Button" library="Selenium2Library">
<arg>xpath:/html/body/div[1]/div[2]/div/div[1]/div/button</arg>
<doc>Clicks the button identified by ``locator``.</doc>
<msg timestamp="20230926 15:22:14.406" level="INFO">Clicking button 'xpath:/html/body/div[1]/div[2]/div/div[1]/div/button'.</msg>
<status status="PASS" starttime="20230926 15:22:14.406" endtime="20230926 15:22:14.808"/>
</kw>
<status status="PASS" starttime="20230926 15:22:14.406" endtime="20230926 15:22:14.808"/>
</kw>
<status status="PASS" starttime="20230926 15:22:14.047" endtime="20230926 15:22:14.808"/>
</kw>
<tag>PositiveLogin</tag>
<status status="PASS" starttime="20230926 15:22:09.188" endtime="20230926 15:22:14.808"/>
</test>
<test id="s1-t2" name="Page Kandang Management" line="14">
<kw name="Given User Enter Page Farm Management" library="FarmManagement">
<kw name="Enter Farm Management Page" library="FarmManagement">
<kw name="Sleep" library="BuiltIn">
<arg>2</arg>
<doc>Pauses the test executed for the given time.</doc>
<msg timestamp="20230926 15:22:16.817" level="INFO">Slept 2 seconds</msg>
<status status="PASS" starttime="20230926 15:22:14.811" endtime="20230926 15:22:16.817"/>
</kw>
<kw name="Click Element" library="Selenium2Library">
<arg>xpath:/html/body/div[1]/div[2]/nav/ul[2]/li[2]/a/span[1]</arg>
<doc>Click the element identified by ``locator``.</doc>
<msg timestamp="20230926 15:22:16.817" level="INFO">Clicking element 'xpath:/html/body/div[1]/div[2]/nav/ul[2]/li[2]/a/span[1]'.</msg>
<status status="PASS" starttime="20230926 15:22:16.817" endtime="20230926 15:22:16.908"/>
</kw>
<kw name="Wait Until Page Contains Element" library="Selenium2Library">
<arg>xpath:/html/body/div[1]/div[2]/div/div/nav/span/h1</arg>
<doc>Waits until the element ``locator`` appears on the current page.</doc>
<status status="PASS" starttime="20230926 15:22:16.908" endtime="20230926 15:22:16.923"/>
</kw>
<kw name="Sleep" library="BuiltIn">
<arg>4</arg>
<doc>Pauses the test executed for the given time.</doc>
<msg timestamp="20230926 15:22:20.926" level="INFO">Slept 4 seconds</msg>
<status status="PASS" starttime="20230926 15:22:16.923" endtime="20230926 15:22:20.926"/>
</kw>
<status status="PASS" starttime="20230926 15:22:14.811" endtime="20230926 15:22:20.926"/>
</kw>
<status status="PASS" starttime="20230926 15:22:14.810" endtime="20230926 15:22:20.926"/>
</kw>
<kw name="When User Enter Page Kandang Management" library="KandangManagement">
<kw name="Enter Search For Kandang Management" library="KandangManagement">
<kw name="Click Element" library="Selenium2Library">
<arg>xpath:/html/body/div[1]/div[2]/div/div/nav/div/div[1]/button</arg>
<doc>Click the element identified by ``locator``.</doc>
<msg timestamp="20230926 15:22:20.927" level="INFO">Clicking element 'xpath:/html/body/div[1]/div[2]/div/div/nav/div/div[1]/button'.</msg>
<status status="PASS" starttime="20230926 15:22:20.927" endtime="20230926 15:22:20.989"/>
</kw>
<kw name="Input Text" library="Selenium2Library">
<arg>xpath:/html/body/div[1]/div[2]/div/div/nav/div/div[1]/input</arg>
<arg>Abadi</arg>
<doc>Types the given ``text`` into the text field identified by ``locator``.</doc>
<msg timestamp="20230926 15:22:20.991" level="INFO">Typing text 'Abadi' into text field 'xpath:/html/body/div[1]/div[2]/div/div/nav/div/div[1]/input'.</msg>
<status status="PASS" starttime="20230926 15:22:20.989" endtime="20230926 15:22:21.129"/>
</kw>
<kw name="Sleep" library="BuiltIn">
<arg>3</arg>
<doc>Pauses the test executed for the given time.</doc>
<msg timestamp="20230926 15:22:24.134" level="INFO">Slept 3 seconds</msg>
<status status="PASS" starttime="20230926 15:22:21.130" endtime="20230926 15:22:24.134"/>
</kw>
<status status="PASS" starttime="20230926 15:22:20.927" endtime="20230926 15:22:24.134"/>
</kw>
<kw name="Enter Kandang Management Page" library="KandangManagement">
<kw name="Click Element" library="Selenium2Library">
<arg>xpath:/html/body/div[1]/div[2]/div/div/table/tbody/tr/td[8]/div/button</arg>
<doc>Click the element identified by ``locator``.</doc>
<msg timestamp="20230926 15:22:24.134" level="INFO">Clicking element 'xpath:/html/body/div[1]/div[2]/div/div/table/tbody/tr/td[8]/div/button'.</msg>
<status status="PASS" starttime="20230926 15:22:24.134" endtime="20230926 15:22:24.210"/>
</kw>
<kw name="Sleep" library="BuiltIn">
<arg>3</arg>
<doc>Pauses the test executed for the given time.</doc>
<msg timestamp="20230926 15:22:27.212" level="INFO">Slept 3 seconds</msg>
<status status="PASS" starttime="20230926 15:22:24.210" endtime="20230926 15:22:27.212"/>
</kw>
<kw name="Click Element" library="Selenium2Library">
<arg>xpath://*[@id="simple-menu"]/div[3]/ul/li[1]</arg>
<doc>Click the element identified by ``locator``.</doc>
<msg timestamp="20230926 15:22:27.212" level="INFO">Clicking element 'xpath://*[@id="simple-menu"]/div[3]/ul/li[1]'.</msg>
<status status="PASS" starttime="20230926 15:22:27.212" endtime="20230926 15:22:27.301"/>
</kw>
<kw name="Sleep" library="BuiltIn">
<arg>3</arg>
<doc>Pauses the test executed for the given time.</doc>
<msg timestamp="20230926 15:22:30.309" level="INFO">Slept 3 seconds</msg>
<status status="PASS" starttime="20230926 15:22:27.301" endtime="20230926 15:22:30.309"/>
</kw>
<kw name="Click Element" library="Selenium2Library">
<arg>xpath:/html/body/div[1]/div[2]/div/div/div[2]/div/button[2]</arg>
<doc>Click the element identified by ``locator``.</doc>
<msg timestamp="20230926 15:22:30.309" level="INFO">Clicking element 'xpath:/html/body/div[1]/div[2]/div/div/div[2]/div/button[2]'.</msg>
<status status="PASS" starttime="20230926 15:22:30.309" endtime="20230926 15:22:30.435"/>
</kw>
<kw name="Sleep" library="BuiltIn">
<arg>3</arg>
<doc>Pauses the test executed for the given time.</doc>
<msg timestamp="20230926 15:22:33.451" level="INFO">Slept 3 seconds</msg>
<status status="PASS" starttime="20230926 15:22:30.438" endtime="20230926 15:22:33.451"/>
</kw>
<status status="PASS" starttime="20230926 15:22:24.134" endtime="20230926 15:22:33.451"/>
</kw>
<status status="PASS" starttime="20230926 15:22:20.927" endtime="20230926 15:22:33.451"/>
</kw>
<tag>PositiveKandang</tag>
<status status="PASS" starttime="20230926 15:22:14.810" endtime="20230926 15:22:33.451"/>
</test>
<test id="s1-t3" name="Hapus Kandang" line="35">
<kw name="Given User Hapus Kandang" library="KandangManagement">
<kw name="Click search for Hapus Kandang" library="KandangManagement">
<kw name="Click Element" library="Selenium2Library">
<arg>xpath:/html/body/div[1]/div[2]/div/div/div[1]/div[2]/div[1]/button</arg>
<doc>Click the element identified by ``locator``.</doc>
<msg timestamp="20230926 15:22:33.459" level="INFO">Clicking element 'xpath:/html/body/div[1]/div[2]/div/div/div[1]/div[2]/div[1]/button'.</msg>
<status status="PASS" starttime="20230926 15:22:33.459" endtime="20230926 15:22:33.572"/>
</kw>
<kw name="Sleep" library="BuiltIn">
<arg>3</arg>
<doc>Pauses the test executed for the given time.</doc>
<msg timestamp="20230926 15:22:36.579" level="INFO">Slept 3 seconds</msg>
<status status="PASS" starttime="20230926 15:22:33.572" endtime="20230926 15:22:36.579"/>
</kw>
<kw name="Input Text" library="Selenium2Library">
<arg>xpath:/html/body/div[1]/div[2]/div/div/div[1]/div[2]/div[1]/input</arg>
<arg>21161</arg>
<doc>Types the given ``text`` into the text field identified by ``locator``.</doc>
<msg timestamp="20230926 15:22:36.579" level="INFO">Typing text '21161' into text field 'xpath:/html/body/div[1]/div[2]/div/div/div[1]/div[2]/div[1]/input'.</msg>
<status status="PASS" starttime="20230926 15:22:36.579" endtime="20230926 15:22:36.780"/>
</kw>
<status status="PASS" starttime="20230926 15:22:33.451" endtime="20230926 15:22:36.782"/>
</kw>
<kw name="Click Hapus Kandang" library="KandangManagement">
<kw name="Click Element" library="Selenium2Library">
<arg>xpath:/html/body/div[1]/div[2]/div/div/div[3]/div/table/tbody/tr/td[9]/div/button</arg>
<doc>Click the element identified by ``locator``.</doc>
<msg timestamp="20230926 15:22:36.785" level="INFO">Clicking element 'xpath:/html/body/div[1]/div[2]/div/div/div[3]/div/table/tbody/tr/td[9]/div/button'.</msg>
<status status="PASS" starttime="20230926 15:22:36.783" endtime="20230926 15:22:36.888"/>
</kw>
<kw name="Click Element" library="Selenium2Library">
<arg>xpath:/html/body/div[2]/div[3]/ul/li[3]</arg>
<doc>Click the element identified by ``locator``.</doc>
<msg timestamp="20230926 15:22:36.888" level="INFO">Clicking element 'xpath:/html/body/div[2]/div[3]/ul/li[3]'.</msg>
<status status="PASS" starttime="20230926 15:22:36.888" endtime="20230926 15:22:37.025"/>
</kw>
<kw name="Sleep" library="BuiltIn">
<arg>3</arg>
<doc>Pauses the test executed for the given time.</doc>
<msg timestamp="20230926 15:22:40.035" level="INFO">Slept 3 seconds</msg>
<status status="PASS" starttime="20230926 15:22:37.025" endtime="20230926 15:22:40.035"/>
</kw>
<status status="PASS" starttime="20230926 15:22:36.782" endtime="20230926 15:22:40.035"/>
</kw>
<kw name="Click Konfirmasi Hapus Kandang" library="KandangManagement">
<kw name="Click Element" library="Selenium2Library">
<arg>xpath:/html/body/div[3]/div/div/div[3]/button[2]</arg>
<doc>Click the element identified by ``locator``.</doc>
<msg timestamp="20230926 15:22:40.035" level="INFO">Clicking element 'xpath:/html/body/div[3]/div/div/div[3]/button[2]'.</msg>
<status status="PASS" starttime="20230926 15:22:40.035" endtime="20230926 15:22:40.137"/>
</kw>
<kw name="Sleep" library="BuiltIn">
<arg>5</arg>
<doc>Pauses the test executed for the given time.</doc>
<msg timestamp="20230926 15:22:45.148" level="INFO">Slept 5 seconds</msg>
<status status="PASS" starttime="20230926 15:22:40.137" endtime="20230926 15:22:45.149"/>
</kw>
<status status="PASS" starttime="20230926 15:22:40.035" endtime="20230926 15:22:45.149"/>
</kw>
<status status="PASS" starttime="20230926 15:22:33.451" endtime="20230926 15:22:45.149"/>
</kw>
<tag>HapusKandang</tag>
<status status="PASS" starttime="20230926 15:22:33.451" endtime="20230926 15:22:45.150"/>
</test>
<status status="PASS" starttime="20230926 15:22:08.607" endtime="20230926 15:22:45.153"/>
</suite>
<statistics>
<total>
<stat pass="3" fail="0" skip="0">All Tests</stat>
</total>
<tag>
<stat pass="1" fail="0" skip="0">HapusKandang</stat>
<stat pass="1" fail="0" skip="0">PositiveKandang</stat>
<stat pass="1" fail="0" skip="0">PositiveLogin</stat>
</tag>
<suite>
<stat pass="3" fail="0" skip="0" id="s1" name="KandangManagement">KandangManagement</stat>
</suite>
</statistics>
<errors>
<msg timestamp="20230926 15:22:09.962" level="WARN">The chromedriver version (116.0.5845.96) detected in PATH at C:\Python310\Scripts\chromedriver.exe might not be compatible with the detected chrome version (117.0.5938.92); currently, chromedriver 117.0.5938.92 is recommended for chrome 117.*, so it is advised to delete the driver in PATH and retry</msg>
</errors>
</robot>
